2024-07-07 10:10:26 [Test worker] INFO  c.e.o.OrchestratorApplicationTests - Starting OrchestratorApplicationTests using Java 21.0.2 with PID 15512 (started by pil48 in C:\Users\pil48\Project\orchestrator)
2024-07-07 10:10:26 [Test worker] DEBUG c.e.o.OrchestratorApplicationTests - Running with Spring Boot v3.3.1, Spring v6.1.10
2024-07-07 10:10:26 [Test worker] INFO  c.e.o.OrchestratorApplicationTests - No active profile set, falling back to 1 default profile: "default"
2024-07-07 10:10:28 [Test worker] INFO  o.s.s.c.a.a.c.InitializeUserDetailsBeanManagerConfigurer$InitializeUserDetailsManagerConfigurer - Global AuthenticationManager configured with UserDetailsService bean with name customUserDetailService
2024-07-07 10:10:28 [Test worker] INFO  o.s.b.a.e.web.EndpointLinksResolver - Exposing 1 endpoint beneath base path '/actuator'
2024-07-07 10:10:29 [Test worker] WARN  o.s.b.a.t.ThymeleafAutoConfiguration$DefaultTemplateResolverConfiguration - Cannot find template location: classpath:/templates/ (please add some templates, check your Thymeleaf configuration, or set spring.thymeleaf.check-template-location=false)
2024-07-07 10:10:29 [Test worker] INFO  o.s.m.s.b.SimpleBrokerMessageHandler - Starting...
2024-07-07 10:10:29 [Test worker] INFO  o.s.m.s.b.SimpleBrokerMessageHandler - BrokerAvailabilityEvent[available=true, SimpleBrokerMessageHandler [org.springframework.messaging.simp.broker.DefaultSubscriptionRegistry@624d778e]]
2024-07-07 10:10:29 [Test worker] INFO  o.s.m.s.b.SimpleBrokerMessageHandler - Started.
2024-07-07 10:10:29 [Test worker] INFO  c.e.o.OrchestratorApplicationTests - Started OrchestratorApplicationTests in 2.771 seconds (process running for 3.927)
2024-07-07 10:10:30 [SpringApplicationShutdownHook] INFO  o.s.m.s.b.SimpleBrokerMessageHandler - Stopping...
2024-07-07 10:10:30 [SpringApplicationShutdownHook] INFO  o.s.m.s.b.SimpleBrokerMessageHandler - BrokerAvailabilityEvent[available=false, SimpleBrokerMessageHandler [org.springframework.messaging.simp.broker.DefaultSubscriptionRegistry@624d778e]]
2024-07-07 10:10:30 [SpringApplicationShutdownHook] INFO  o.s.m.s.b.SimpleBrokerMessageHandler - Stopped.
2024-07-07 10:10:50 [main] INFO  c.e.o.OrchestratorApplication - Starting OrchestratorApplication using Java 21.0.2 with PID 19140 (C:\Users\pil48\Project\orchestrator\build\classes\java\main started by pil48 in C:\Users\pil48\Project\orchestrator)
2024-07-07 10:10:50 [main] DEBUG c.e.o.OrchestratorApplication - Running with Spring Boot v3.3.1, Spring v6.1.10
2024-07-07 10:10:50 [main] INFO  c.e.o.OrchestratorApplication - No active profile set, falling back to 1 default profile: "default"
2024-07-07 10:10:51 [main] INFO  o.s.b.w.e.tomcat.TomcatWebServer - Tomcat initialized with port 8080 (http)
2024-07-07 10:10:51 [main] INFO  o.a.catalina.core.StandardService - Starting service [Tomcat]
2024-07-07 10:10:51 [main] INFO  o.a.catalina.core.StandardEngine - Starting Servlet engine: [Apache Tomcat/10.1.25]
2024-07-07 10:10:51 [main] INFO  o.a.c.c.C.[Tomcat].[localhost].[/v1] - Initializing Spring embedded WebApplicationContext
2024-07-07 10:10:51 [main] INFO  o.s.b.w.s.c.ServletWebServerApplicationContext - Root WebApplicationContext: initialization completed in 1242 ms
2024-07-07 10:10:51 [main] DEBUG c.e.o.security.JwtRequestFilter - Filter 'jwtRequestFilter' configured for use
2024-07-07 10:10:52 [main] INFO  o.s.s.c.a.a.c.InitializeUserDetailsBeanManagerConfigurer$InitializeUserDetailsManagerConfigurer - Global AuthenticationManager configured with UserDetailsService bean with name customUserDetailService
2024-07-07 10:10:52 [main] INFO  o.s.b.a.e.web.EndpointLinksResolver - Exposing 1 endpoint beneath base path '/actuator'
2024-07-07 10:10:52 [main] WARN  o.s.b.a.t.ThymeleafAutoConfiguration$DefaultTemplateResolverConfiguration - Cannot find template location: classpath:/templates/ (please add some templates, check your Thymeleaf configuration, or set spring.thymeleaf.check-template-location=false)
2024-07-07 10:10:52 [main] INFO  o.s.b.w.e.tomcat.TomcatWebServer - Tomcat started on port 8080 (http) with context path '/v1'
2024-07-07 10:10:52 [main] INFO  o.s.m.s.b.SimpleBrokerMessageHandler - Starting...
2024-07-07 10:10:52 [main] INFO  o.s.m.s.b.SimpleBrokerMessageHandler - BrokerAvailabilityEvent[available=true, SimpleBrokerMessageHandler [org.springframework.messaging.simp.broker.DefaultSubscriptionRegistry@79d14037]]
2024-07-07 10:10:52 [main] INFO  o.s.m.s.b.SimpleBrokerMessageHandler - Started.
2024-07-07 10:10:52 [main] INFO  c.e.o.OrchestratorApplication - Started OrchestratorApplication in 2.915 seconds (process running for 3.453)
2024-07-07 10:10:53 [RMI TCP Connection(2)-192.168.219.118] INFO  o.a.c.c.C.[Tomcat].[localhost].[/v1] - Initializing Spring DispatcherServlet 'dispatcherServlet'
2024-07-07 10:10:53 [RMI TCP Connection(2)-192.168.219.118] INFO  o.s.web.servlet.DispatcherServlet - Initializing Servlet 'dispatcherServlet'
2024-07-07 10:10:53 [RMI TCP Connection(2)-192.168.219.118] INFO  o.s.web.servlet.DispatcherServlet - Completed initialization in 1 ms
2024-07-07 10:11:52 [MessageBroker-1] INFO  o.s.w.s.c.WebSocketMessageBrokerStats - WebSocketSession[0 current WS(0)-HttpStream(0)-HttpPoll(0), 0 total, 0 closed abnormally (0 connect failure, 0 send limit, 0 transport error)], stompSubProtocol[processed CONNECT(0)-CONNECTED(0)-DISCONNECT(0)], stompBrokerRelay[null], inboundChannel[pool size = 0, active threads = 0, queued tasks = 0, completed tasks = 0], outboundChannel[pool size = 0, active threads = 0, queued tasks = 0, completed tasks = 0], sockJsScheduler[pool size = 1, active threads = 1, queued tasks = 0, completed tasks = 0]
2024-07-07 10:41:52 [MessageBroker-1] INFO  o.s.w.s.c.WebSocketMessageBrokerStats - WebSocketSession[0 current WS(0)-HttpStream(0)-HttpPoll(0), 0 total, 0 closed abnormally (0 connect failure, 0 send limit, 0 transport error)], stompSubProtocol[processed CONNECT(0)-CONNECTED(0)-DISCONNECT(0)], stompBrokerRelay[null], inboundChannel[pool size = 0, active threads = 0, queued tasks = 0, completed tasks = 0], outboundChannel[pool size = 0, active threads = 0, queued tasks = 0, completed tasks = 0], sockJsScheduler[pool size = 2, active threads = 1, queued tasks = 0, completed tasks = 1]
2024-07-07 11:11:52 [MessageBroker-2] INFO  o.s.w.s.c.WebSocketMessageBrokerStats - WebSocketSession[0 current WS(0)-HttpStream(0)-HttpPoll(0), 0 total, 0 closed abnormally (0 connect failure, 0 send limit, 0 transport error)], stompSubProtocol[processed CONNECT(0)-CONNECTED(0)-DISCONNECT(0)], stompBrokerRelay[null], inboundChannel[pool size = 0, active threads = 0, queued tasks = 0, completed tasks = 0], outboundChannel[pool size = 0, active threads = 0, queued tasks = 0, completed tasks = 0], sockJsScheduler[pool size = 3, active threads = 1, queued tasks = 0, completed tasks = 2]
2024-07-07 11:41:52 [MessageBroker-1] INFO  o.s.w.s.c.WebSocketMessageBrokerStats - WebSocketSession[0 current WS(0)-HttpStream(0)-HttpPoll(0), 0 total, 0 closed abnormally (0 connect failure, 0 send limit, 0 transport error)], stompSubProtocol[processed CONNECT(0)-CONNECTED(0)-DISCONNECT(0)], stompBrokerRelay[null], inboundChannel[pool size = 0, active threads = 0, queued tasks = 0, completed tasks = 0], outboundChannel[pool size = 0, active threads = 0, queued tasks = 0, completed tasks = 0], sockJsScheduler[pool size = 4, active threads = 1, queued tasks = 0, completed tasks = 3]
